2021-02-17 09:43:15.574  INFO 3692 --- [main] com.lacrobate.Main                       : Starting Main using Java 1.8.0_282 on TAL-50WVJR2 with PID 3692 (C:\Users\naoufal\Documents\projects\xls-to-geojson-converter\back-end\target\classes started by naoufal in C:\Users\naoufal\Documents\projects\xls-to-geojson-converter)
2021-02-17 09:43:15.591  INFO 3692 --- [main] com.lacrobate.Main                       : The following profiles are active: DEV
2021-02-17 09:43:17.769  INFO 3692 --- [main] o.s.b.w.embedded.tomcat.TomcatWebServer  : Tomcat initialized with port(s): 8080 (http)
2021-02-17 09:43:17.786  INFO 3692 --- [main] o.apache.catalina.core.StandardService   : Starting service [Tomcat]
2021-02-17 09:43:17.787  INFO 3692 --- [main] org.apache.catalina.core.StandardEngine  : Starting Servlet engine: [Apache Tomcat/9.0.41]
2021-02-17 09:43:18.657  INFO 3692 --- [main] o.a.c.c.C.[Tomcat].[localhost].[/]       : Initializing Spring embedded WebApplicationContext
2021-02-17 09:43:18.657  INFO 3692 --- [main] w.s.c.ServletWebServerApplicationContext : Root WebApplicationContext: initialization completed in 2961 ms
2021-02-17 09:43:18.961  INFO 3692 --- [main] o.s.s.concurrent.ThreadPoolTaskExecutor  : Initializing ExecutorService 'applicationTaskExecutor'
2021-02-17 09:43:19.264  INFO 3692 --- [main] o.s.b.w.embedded.tomcat.TomcatWebServer  : Tomcat started on port(s): 8080 (http) with context path ''
2021-02-17 09:43:19.279  INFO 3692 --- [main] com.lacrobate.Main                       : Started Main in 4.342 seconds (JVM running for 4.954)
2021-02-17 09:43:19.282  INFO 3692 --- [main] com.lacrobate.Main                       : conversion: starting...

2021-02-17 09:43:19.289  INFO 3692 --- [main] ConditionEvaluationReportLoggingListener : 

Error starting ApplicationContext. To display the conditions report re-run your application with 'debug' enabled.
2021-02-17 09:43:19.337 ERROR 3692 --- [main] o.s.boot.SpringApplication               : Application run failed

java.lang.IllegalStateException: Failed to execute CommandLineRunner
	at org.springframework.boot.SpringApplication.callRunner(SpringApplication.java:807) [spring-boot-2.4.2.jar:2.4.2]
	at org.springframework.boot.SpringApplication.callRunners(SpringApplication.java:788) [spring-boot-2.4.2.jar:2.4.2]
	at org.springframework.boot.SpringApplication.run(SpringApplication.java:333) [spring-boot-2.4.2.jar:2.4.2]
	at org.springframework.boot.SpringApplication.run(SpringApplication.java:1311) [spring-boot-2.4.2.jar:2.4.2]
	at org.springframework.boot.SpringApplication.run(SpringApplication.java:1300) [spring-boot-2.4.2.jar:2.4.2]
	at com.lacrobate.Main.main(Main.java:20) [classes/:na]
Caused by: java.lang.NullPointerException: null
	at com.lacrobate.converter.XlsToUmapHandler.createLayerMapFrom(XlsToUmapHandler.java:41) ~[classes/:na]
	at com.lacrobate.converter.XlsToUmapHandler.createResultObjectFrom(XlsToUmapHandler.java:29) ~[classes/:na]
	at com.lacrobate.converter.XlsToUmapHandler.createResultObjectFrom(XlsToUmapHandler.java:16) ~[classes/:na]
	at com.lacrobate.converter.XLSHandler.process(XLSHandler.java:34) ~[classes/:na]
	at com.lacrobate.Main.run(Main.java:27) [classes/:na]
	at org.springframework.boot.SpringApplication.callRunner(SpringApplication.java:804) [spring-boot-2.4.2.jar:2.4.2]
	... 5 common frames omitted

2021-02-17 09:43:19.561  INFO 3692 --- [main] o.s.s.concurrent.ThreadPoolTaskExecutor  : Shutting down ExecutorService 'applicationTaskExecutor'
2021-02-17 09:47:17.367  INFO 13964 --- [main] com.lacrobate.Main                       : Starting Main using Java 1.8.0_282 on TAL-50WVJR2 with PID 13964 (C:\Users\naoufal\Documents\projects\xls-to-geojson-converter\back-end\target\classes started by naoufal in C:\Users\naoufal\Documents\projects\xls-to-geojson-converter)
2021-02-17 09:47:17.371  INFO 13964 --- [main] com.lacrobate.Main                       : The following profiles are active: DEV
2021-02-17 09:47:18.657  INFO 13964 --- [main] o.s.b.w.embedded.tomcat.TomcatWebServer  : Tomcat initialized with port(s): 8080 (http)
2021-02-17 09:47:18.668  INFO 13964 --- [main] o.apache.catalina.core.StandardService   : Starting service [Tomcat]
2021-02-17 09:47:18.668  INFO 13964 --- [main] org.apache.catalina.core.StandardEngine  : Starting Servlet engine: [Apache Tomcat/9.0.41]
2021-02-17 09:47:18.748  INFO 13964 --- [main] o.a.c.c.C.[Tomcat].[localhost].[/]       : Initializing Spring embedded WebApplicationContext
2021-02-17 09:47:18.748  INFO 13964 --- [main] w.s.c.ServletWebServerApplicationContext : Root WebApplicationContext: initialization completed in 1267 ms
2021-02-17 09:47:18.950  INFO 13964 --- [main] o.s.s.concurrent.ThreadPoolTaskExecutor  : Initializing ExecutorService 'applicationTaskExecutor'
2021-02-17 09:47:19.179  INFO 13964 --- [main] o.s.b.w.embedded.tomcat.TomcatWebServer  : Tomcat started on port(s): 8080 (http) with context path ''
2021-02-17 09:47:19.192  INFO 13964 --- [main] com.lacrobate.Main                       : Started Main in 2.489 seconds (JVM running for 2.891)
2021-02-17 09:47:19.194  INFO 13964 --- [main] com.lacrobate.Main                       : conversion: starting...

2021-02-17 09:47:19.196 ERROR 13964 --- [main] com.lacrobate.converter.XLSHandler       : veuillez vous assurer que le fichier source est bien present dans l'emplacement source
2021-02-17 09:47:19.196 ERROR 13964 --- [main] com.lacrobate.converter.XLSHandler       : Emplacement source : C:\Users\naoufal\Documents\convertisseur\source\source.xls
2021-02-17 09:47:19.200  INFO 13964 --- [main] ConditionEvaluationReportLoggingListener : 

Error starting ApplicationContext. To display the conditions report re-run your application with 'debug' enabled.
2021-02-17 09:47:19.221 ERROR 13964 --- [main] o.s.boot.SpringApplication               : Application run failed

java.lang.IllegalStateException: Failed to execute CommandLineRunner
	at org.springframework.boot.SpringApplication.callRunner(SpringApplication.java:807) [spring-boot-2.4.2.jar:2.4.2]
	at org.springframework.boot.SpringApplication.callRunners(SpringApplication.java:788) [spring-boot-2.4.2.jar:2.4.2]
	at org.springframework.boot.SpringApplication.run(SpringApplication.java:333) [spring-boot-2.4.2.jar:2.4.2]
	at org.springframework.boot.SpringApplication.run(SpringApplication.java:1311) [spring-boot-2.4.2.jar:2.4.2]
	at org.springframework.boot.SpringApplication.run(SpringApplication.java:1300) [spring-boot-2.4.2.jar:2.4.2]
	at com.lacrobate.Main.main(Main.java:20) [classes/:na]
Caused by: java.lang.NullPointerException: null
	at com.lacrobate.converter.XlsToUmapHandler.createLayerMapFrom(XlsToUmapHandler.java:41) ~[classes/:na]
	at com.lacrobate.converter.XlsToUmapHandler.createResultObjectFrom(XlsToUmapHandler.java:29) ~[classes/:na]
	at com.lacrobate.converter.XlsToUmapHandler.createResultObjectFrom(XlsToUmapHandler.java:16) ~[classes/:na]
	at com.lacrobate.converter.XLSHandler.process(XLSHandler.java:34) ~[classes/:na]
	at com.lacrobate.Main.run(Main.java:27) [classes/:na]
	at org.springframework.boot.SpringApplication.callRunner(SpringApplication.java:804) [spring-boot-2.4.2.jar:2.4.2]
	... 5 common frames omitted

2021-02-17 09:47:19.386  INFO 13964 --- [main] o.s.s.concurrent.ThreadPoolTaskExecutor  : Shutting down ExecutorService 'applicationTaskExecutor'
2021-02-17 09:51:16.003  INFO 4876 --- [main] com.lacrobate.Main                       : Starting Main using Java 1.8.0_282 on TAL-50WVJR2 with PID 4876 (C:\Users\naoufal\Documents\projects\xls-to-geojson-converter\back-end\target\classes started by naoufal in C:\Users\naoufal\Documents\projects\xls-to-geojson-converter)
2021-02-17 09:51:16.019  INFO 4876 --- [main] com.lacrobate.Main                       : The following profiles are active: DEV
2021-02-17 09:51:17.265  INFO 4876 --- [main] o.s.b.w.embedded.tomcat.TomcatWebServer  : Tomcat initialized with port(s): 8080 (http)
2021-02-17 09:51:17.281  INFO 4876 --- [main] o.apache.catalina.core.StandardService   : Starting service [Tomcat]
2021-02-17 09:51:17.281  INFO 4876 --- [main] org.apache.catalina.core.StandardEngine  : Starting Servlet engine: [Apache Tomcat/9.0.41]
2021-02-17 09:51:17.359  INFO 4876 --- [main] o.a.c.c.C.[Tomcat].[localhost].[/]       : Initializing Spring embedded WebApplicationContext
2021-02-17 09:51:17.359  INFO 4876 --- [main] w.s.c.ServletWebServerApplicationContext : Root WebApplicationContext: initialization completed in 1250 ms
2021-02-17 09:51:17.559  INFO 4876 --- [main] o.s.s.concurrent.ThreadPoolTaskExecutor  : Initializing ExecutorService 'applicationTaskExecutor'
2021-02-17 09:51:17.782  INFO 4876 --- [main] o.s.b.w.embedded.tomcat.TomcatWebServer  : Tomcat started on port(s): 8080 (http) with context path ''
2021-02-17 09:51:17.798  INFO 4876 --- [main] com.lacrobate.Main                       : Started Main in 2.439 seconds (JVM running for 2.816)
2021-02-17 09:51:17.798  INFO 4876 --- [main] com.lacrobate.Main                       : conversion: starting...

2021-02-17 09:51:17.798 ERROR 4876 --- [main] com.lacrobate.converter.XLSHandler       : veuillez vous assurer que le fichier source est bien present dans l'emplacement source
2021-02-17 09:51:17.798 ERROR 4876 --- [main] com.lacrobate.converter.XLSHandler       : Emplacement source : C:\Users\naoufal\Documents\convertisseur\source\source.xls
2021-02-17 09:51:17.813  INFO 4876 --- [main] com.lacrobate.converter.XLSHandler       : Umap file generated in: C:\Users\naoufal\Documents\convertisseur\target\target.umap
2021-02-17 09:51:17.813  INFO 4876 --- [main] com.lacrobate.Main                       : 
conversion: success.
2021-02-17 09:52:55.504  INFO 2052 --- [main] com.lacrobate.Main                       : Starting Main using Java 1.8.0_282 on TAL-50WVJR2 with PID 2052 (C:\Users\naoufal\Documents\projects\xls-to-geojson-converter\back-end\target\classes started by naoufal in C:\Users\naoufal\Documents\projects\xls-to-geojson-converter)
2021-02-17 09:52:55.520  INFO 2052 --- [main] com.lacrobate.Main                       : The following profiles are active: DEV
2021-02-17 09:52:56.924  INFO 2052 --- [main] o.s.b.w.embedded.tomcat.TomcatWebServer  : Tomcat initialized with port(s): 8080 (http)
2021-02-17 09:52:56.924  INFO 2052 --- [main] o.apache.catalina.core.StandardService   : Starting service [Tomcat]
2021-02-17 09:52:56.924  INFO 2052 --- [main] org.apache.catalina.core.StandardEngine  : Starting Servlet engine: [Apache Tomcat/9.0.41]
2021-02-17 09:52:57.008  INFO 2052 --- [main] o.a.c.c.C.[Tomcat].[localhost].[/]       : Initializing Spring embedded WebApplicationContext
2021-02-17 09:52:57.008  INFO 2052 --- [main] w.s.c.ServletWebServerApplicationContext : Root WebApplicationContext: initialization completed in 1372 ms
2021-02-17 09:52:57.202  INFO 2052 --- [main] o.s.s.concurrent.ThreadPoolTaskExecutor  : Initializing ExecutorService 'applicationTaskExecutor'
2021-02-17 09:52:57.488  INFO 2052 --- [main] o.s.b.w.embedded.tomcat.TomcatWebServer  : Tomcat started on port(s): 8080 (http) with context path ''
2021-02-17 09:52:57.510  INFO 2052 --- [main] com.lacrobate.Main                       : Started Main in 2.818 seconds (JVM running for 3.289)
2021-02-17 09:52:57.510  INFO 2052 --- [main] com.lacrobate.Main                       : conversion: starting...

2021-02-17 09:52:57.510 ERROR 2052 --- [main] com.lacrobate.converter.XLSHandler       : veuillez vous assurer que le fichier source est bien present dans l'emplacement source
2021-02-17 09:52:57.510 ERROR 2052 --- [main] com.lacrobate.converter.XLSHandler       : Emplacement source : C:\Users\naoufal\Documents\convertisseur\source\source.xls
2021-02-17 09:52:57.510  INFO 2052 --- [main] ConditionEvaluationReportLoggingListener : 

Error starting ApplicationContext. To display the conditions report re-run your application with 'debug' enabled.
2021-02-17 09:52:57.541 ERROR 2052 --- [main] o.s.boot.SpringApplication               : Application run failed

java.lang.IllegalStateException: Failed to execute CommandLineRunner
	at org.springframework.boot.SpringApplication.callRunner(SpringApplication.java:807) [spring-boot-2.4.2.jar:2.4.2]
	at org.springframework.boot.SpringApplication.callRunners(SpringApplication.java:788) [spring-boot-2.4.2.jar:2.4.2]
	at org.springframework.boot.SpringApplication.run(SpringApplication.java:333) [spring-boot-2.4.2.jar:2.4.2]
	at org.springframework.boot.SpringApplication.run(SpringApplication.java:1311) [spring-boot-2.4.2.jar:2.4.2]
	at org.springframework.boot.SpringApplication.run(SpringApplication.java:1300) [spring-boot-2.4.2.jar:2.4.2]
	at com.lacrobate.Main.main(Main.java:20) [classes/:na]
Caused by: java.lang.NullPointerException: null
	at com.lacrobate.converter.XlsToUmapHandler.createLayerMapFrom(XlsToUmapHandler.java:41) ~[classes/:na]
	at com.lacrobate.converter.XlsToUmapHandler.createResultObjectFrom(XlsToUmapHandler.java:29) ~[classes/:na]
	at com.lacrobate.converter.XlsToUmapHandler.createResultObjectFrom(XlsToUmapHandler.java:16) ~[classes/:na]
	at com.lacrobate.converter.XLSHandler.process(XLSHandler.java:34) ~[classes/:na]
	at com.lacrobate.Main.run(Main.java:27) [classes/:na]
	at org.springframework.boot.SpringApplication.callRunner(SpringApplication.java:804) [spring-boot-2.4.2.jar:2.4.2]
	... 5 common frames omitted

2021-02-17 09:52:57.710  INFO 2052 --- [main] o.s.s.concurrent.ThreadPoolTaskExecutor  : Shutting down ExecutorService 'applicationTaskExecutor'
2021-02-17 09:54:19.127  INFO 420 --- [main] com.lacrobate.Main                       : Starting Main using Java 1.8.0_282 on TAL-50WVJR2 with PID 420 (C:\Users\naoufal\Documents\projects\xls-to-geojson-converter\back-end\target\classes started by naoufal in C:\Users\naoufal\Documents\projects\xls-to-geojson-converter)
2021-02-17 09:54:19.143  INFO 420 --- [main] com.lacrobate.Main                       : The following profiles are active: DEV
2021-02-17 09:54:20.399  INFO 420 --- [main] o.s.b.w.embedded.tomcat.TomcatWebServer  : Tomcat initialized with port(s): 8080 (http)
2021-02-17 09:54:20.414  INFO 420 --- [main] o.apache.catalina.core.StandardService   : Starting service [Tomcat]
2021-02-17 09:54:20.414  INFO 420 --- [main] org.apache.catalina.core.StandardEngine  : Starting Servlet engine: [Apache Tomcat/9.0.41]
2021-02-17 09:54:20.488  INFO 420 --- [main] o.a.c.c.C.[Tomcat].[localhost].[/]       : Initializing Spring embedded WebApplicationContext
2021-02-17 09:54:20.488  INFO 420 --- [main] w.s.c.ServletWebServerApplicationContext : Root WebApplicationContext: initialization completed in 1245 ms
2021-02-17 09:54:20.684  INFO 420 --- [main] o.s.s.concurrent.ThreadPoolTaskExecutor  : Initializing ExecutorService 'applicationTaskExecutor'
2021-02-17 09:54:20.900  INFO 420 --- [main] o.s.b.w.embedded.tomcat.TomcatWebServer  : Tomcat started on port(s): 8080 (http) with context path ''
2021-02-17 09:54:20.916  INFO 420 --- [main] com.lacrobate.Main                       : Started Main in 2.496 seconds (JVM running for 2.923)
2021-02-17 09:54:20.916  INFO 420 --- [main] com.lacrobate.Main                       : conversion: starting...

2021-02-17 09:54:20.916 ERROR 420 --- [main] com.lacrobate.converter.XLSHandler       : veuillez vous assurer que le fichier source est bien present dans l'emplacement source
2021-02-17 09:54:20.916 ERROR 420 --- [main] com.lacrobate.converter.XLSHandler       : Emplacement source : C:\Users\naoufal\Documents\convertisseur\source\source.xls
2021-02-17 09:54:20.931  INFO 420 --- [main] ConditionEvaluationReportLoggingListener : 

Error starting ApplicationContext. To display the conditions report re-run your application with 'debug' enabled.
2021-02-17 09:54:20.947 ERROR 420 --- [main] o.s.boot.SpringApplication               : Application run failed

java.lang.IllegalStateException: Failed to execute CommandLineRunner
	at org.springframework.boot.SpringApplication.callRunner(SpringApplication.java:807) [spring-boot-2.4.2.jar:2.4.2]
	at org.springframework.boot.SpringApplication.callRunners(SpringApplication.java:788) [spring-boot-2.4.2.jar:2.4.2]
	at org.springframework.boot.SpringApplication.run(SpringApplication.java:333) [spring-boot-2.4.2.jar:2.4.2]
	at org.springframework.boot.SpringApplication.run(SpringApplication.java:1311) [spring-boot-2.4.2.jar:2.4.2]
	at org.springframework.boot.SpringApplication.run(SpringApplication.java:1300) [spring-boot-2.4.2.jar:2.4.2]
	at com.lacrobate.Main.main(Main.java:20) [classes/:na]
Caused by: java.lang.NullPointerException: null
	at com.lacrobate.converter.XlsToUmapHandler.createResultObjectFrom(XlsToUmapHandler.java:31) ~[classes/:na]
	at com.lacrobate.converter.XlsToUmapHandler.createResultObjectFrom(XlsToUmapHandler.java:16) ~[classes/:na]
	at com.lacrobate.converter.XLSHandler.process(XLSHandler.java:34) ~[classes/:na]
	at com.lacrobate.Main.run(Main.java:27) [classes/:na]
	at org.springframework.boot.SpringApplication.callRunner(SpringApplication.java:804) [spring-boot-2.4.2.jar:2.4.2]
	... 5 common frames omitted

2021-02-17 09:54:21.108  INFO 420 --- [main] o.s.s.concurrent.ThreadPoolTaskExecutor  : Shutting down ExecutorService 'applicationTaskExecutor'
2021-02-17 09:55:39.868  INFO 13840 --- [main] com.lacrobate.Main                       : Starting Main using Java 1.8.0_282 on TAL-50WVJR2 with PID 13840 (C:\Users\naoufal\Documents\projects\xls-to-geojson-converter\back-end\target\classes started by naoufal in C:\Users\naoufal\Documents\projects\xls-to-geojson-converter)
2021-02-17 09:55:39.868  INFO 13840 --- [main] com.lacrobate.Main                       : The following profiles are active: DEV
2021-02-17 09:55:41.125  INFO 13840 --- [main] o.s.b.w.embedded.tomcat.TomcatWebServer  : Tomcat initialized with port(s): 8080 (http)
2021-02-17 09:55:41.140  INFO 13840 --- [main] o.apache.catalina.core.StandardService   : Starting service [Tomcat]
2021-02-17 09:55:41.140  INFO 13840 --- [main] org.apache.catalina.core.StandardEngine  : Starting Servlet engine: [Apache Tomcat/9.0.41]
2021-02-17 09:55:41.225  INFO 13840 --- [main] o.a.c.c.C.[Tomcat].[localhost].[/]       : Initializing Spring embedded WebApplicationContext
2021-02-17 09:55:41.225  INFO 13840 --- [main] w.s.c.ServletWebServerApplicationContext : Root WebApplicationContext: initialization completed in 1256 ms
2021-02-17 09:55:41.410  INFO 13840 --- [main] o.s.s.concurrent.ThreadPoolTaskExecutor  : Initializing ExecutorService 'applicationTaskExecutor'
2021-02-17 09:55:41.610  INFO 13840 --- [main] o.s.b.w.embedded.tomcat.TomcatWebServer  : Tomcat started on port(s): 8080 (http) with context path ''
2021-02-17 09:55:41.626  INFO 13840 --- [main] com.lacrobate.Main                       : Started Main in 2.436 seconds (JVM running for 2.803)
2021-02-17 09:55:41.626  INFO 13840 --- [main] com.lacrobate.Main                       : conversion: starting...

2021-02-17 09:55:41.641 ERROR 13840 --- [main] com.lacrobate.converter.XLSHandler       : veuillez vous assurer que le fichier source est bien present dans l'emplacement source
2021-02-17 09:55:41.641 ERROR 13840 --- [main] com.lacrobate.converter.XLSHandler       : Emplacement source : C:\Users\naoufal\Documents\convertisseur\source\source.xls
2021-02-17 09:55:41.641  INFO 13840 --- [main] c.lacrobate.converter.XlsToUmapHandler   : json object construction finished: 
2021-02-17 09:55:41.641  INFO 13840 --- [main] c.lacrobate.converter.XlsToUmapHandler   : UmapObject{type='umap', properties=com.lacrobate.model.output.umap.UmapObjectProperties@60dcbf23, geometry=com.lacrobate.model.output.common.Geometry@ca348dd5, layers=null}
2021-02-17 09:55:41.688  INFO 13840 --- [main] com.lacrobate.converter.XLSHandler       : Umap file generated in: C:\Users\naoufal\Documents\convertisseur\target\target.umap
2021-02-17 09:55:41.688  INFO 13840 --- [main] com.lacrobate.Main                       : 
conversion: success.
2021-02-17 10:04:54.106  INFO 10116 --- [main] com.lacrobate.Main                       : Starting Main using Java 1.8.0_282 on TAL-50WVJR2 with PID 10116 (C:\Users\naoufal\Documents\projects\xls-to-geojson-converter\back-end\target\classes started by naoufal in C:\Users\naoufal\Documents\projects\xls-to-geojson-converter)
2021-02-17 10:04:54.106  INFO 10116 --- [main] com.lacrobate.Main                       : The following profiles are active: PROD
2021-02-17 10:04:55.393  INFO 10116 --- [main] o.s.b.w.embedded.tomcat.TomcatWebServer  : Tomcat initialized with port(s): 8080 (http)
2021-02-17 10:04:55.393  INFO 10116 --- [main] o.apache.catalina.core.StandardService   : Starting service [Tomcat]
2021-02-17 10:04:55.393  INFO 10116 --- [main] org.apache.catalina.core.StandardEngine  : Starting Servlet engine: [Apache Tomcat/9.0.41]
2021-02-17 10:04:55.471  INFO 10116 --- [main] o.a.c.c.C.[Tomcat].[localhost].[/]       : Initializing Spring embedded WebApplicationContext
2021-02-17 10:04:55.471  INFO 10116 --- [main] w.s.c.ServletWebServerApplicationContext : Root WebApplicationContext: initialization completed in 1249 ms
2021-02-17 10:04:55.672  INFO 10116 --- [main] o.s.s.concurrent.ThreadPoolTaskExecutor  : Initializing ExecutorService 'applicationTaskExecutor'
2021-02-17 10:04:55.894  INFO 10116 --- [main] o.s.b.w.embedded.tomcat.TomcatWebServer  : Tomcat started on port(s): 8080 (http) with context path ''
2021-02-17 10:04:55.894  INFO 10116 --- [main] com.lacrobate.Main                       : Started Main in 2.442 seconds (JVM running for 2.828)
2021-02-17 10:04:55.894  INFO 10116 --- [main] com.lacrobate.Main                       : conversion: starting...

2021-02-17 10:04:55.894 ERROR 10116 --- [main] com.lacrobate.converter.XLSHandler       : veuillez vous assurer que le fichier source est bien present dans l'emplacement source
2021-02-17 10:04:55.894 ERROR 10116 --- [main] com.lacrobate.converter.XLSHandler       : Emplacement source : C:\Users\naoufal\Documents\projects\xls-to-geojson-converter\back-end\target\source\source.xls
2021-02-17 10:04:55.894  INFO 10116 --- [main] com.lacrobate.Main                       : 
conversion: success.
