2021-02-17 10:09:07,129 INFO org.springframework.boot.StartupInfoLogger [main] Starting Main using Java 1.8.0_282 on TAL-50WVJR2 with PID 13024 (C:\Users\naoufal\Documents\projects\xls-to-geojson-converter\back-end\target\classes started by naoufal in C:\Users\naoufal\Documents\projects\xls-to-geojson-converter)
2021-02-17 10:09:07,129 INFO org.springframework.boot.SpringApplication [main] The following profiles are active: PROD
2021-02-17 10:09:08,505 INFO org.springframework.boot.web.embedded.tomcat.TomcatWebServer [main] Tomcat initialized with port(s): 8080 (http)
2021-02-17 10:09:08,517 INFO org.apache.juli.logging.DirectJDKLog [main] Initializing ProtocolHandler ["http-nio-8080"]
2021-02-17 10:09:08,517 INFO org.apache.juli.logging.DirectJDKLog [main] Starting service [Tomcat]
2021-02-17 10:09:08,517 INFO org.apache.juli.logging.DirectJDKLog [main] Starting Servlet engine: [Apache Tomcat/9.0.41]
2021-02-17 10:09:08,617 INFO org.apache.juli.logging.DirectJDKLog [main] Initializing Spring embedded WebApplicationContext
2021-02-17 10:09:08,617 INFO org.springframework.boot.web.servlet.context.ServletWebServerApplicationContext [main] Root WebApplicationContext: initialization completed in 1365 ms
2021-02-17 10:09:08,899 INFO org.springframework.scheduling.concurrent.ExecutorConfigurationSupport [main] Initializing ExecutorService 'applicationTaskExecutor'
2021-02-17 10:09:09,181 INFO org.apache.juli.logging.DirectJDKLog [main] Starting ProtocolHandler ["http-nio-8080"]
2021-02-17 10:09:09,209 INFO org.springframework.boot.web.embedded.tomcat.TomcatWebServer [main] Tomcat started on port(s): 8080 (http) with context path ''
2021-02-17 10:09:09,221 INFO org.springframework.boot.StartupInfoLogger [main] Started Main in 2.829 seconds (JVM running for 3.223)
2021-02-17 10:09:09,221 INFO com.lacrobate.Main [main] conversion: starting...

2021-02-17 10:09:09,229 ERROR com.lacrobate.converter.XLSHandler [main] veuillez vous assurer que le fichier source est bien present dans l'emplacement source
2021-02-17 10:09:09,229 ERROR com.lacrobate.converter.XLSHandler [main] Emplacement source : C:\Users\naoufal\Documents\projects\xls-to-geojson-converter\back-end\target\source\source.xls
2021-02-17 10:09:09,231 INFO com.lacrobate.Main [main] 
conversion: success.
2021-02-17 10:10:04,478 ERROR org.springframework.boot.SpringApplication [main] Application run failed
java.lang.IllegalStateException: java.lang.IllegalStateException: Logback configuration error detected: 
ERROR in ch.qos.logback.core.pattern.parser.Compiler@78e2fed4 - There is no conversion class registered for composite conversion word [grey]
ERROR in ch.qos.logback.core.pattern.parser.Compiler@78e2fed4 - Failed to create converter for [%grey] keyword
	at org.springframework.boot.context.logging.LoggingApplicationListener.initializeSystem(LoggingApplicationListener.java:327)
	at org.springframework.boot.context.logging.LoggingApplicationListener.initialize(LoggingApplicationListener.java:281)
	at org.springframework.boot.context.logging.LoggingApplicationListener.onApplicationEnvironmentPreparedEvent(LoggingApplicationListener.java:239)
	at org.springframework.boot.context.logging.LoggingApplicationListener.onApplicationEvent(LoggingApplicationListener.java:216)
	at org.springframework.context.event.SimpleApplicationEventMulticaster.doInvokeListener(SimpleApplicationEventMulticaster.java:176)
	at org.springframework.context.event.SimpleApplicationEventMulticaster.invokeListener(SimpleApplicationEventMulticaster.java:169)
	at org.springframework.context.event.SimpleApplicationEventMulticaster.multicastEvent(SimpleApplicationEventMulticaster.java:143)
	at org.springframework.context.event.SimpleApplicationEventMulticaster.multicastEvent(SimpleApplicationEventMulticaster.java:131)
	at org.springframework.boot.context.event.EventPublishingRunListener.environmentPrepared(EventPublishingRunListener.java:82)
	at org.springframework.boot.SpringApplicationRunListeners.lambda$environmentPrepared$2(SpringApplicationRunListeners.java:63)
	at org.springframework.boot.SpringApplicationRunListeners$$Lambda$36/0x0000000000000000.accept(Unknown Source)
	at java.util.ArrayList.forEach(ArrayList.java:1259)
	at org.springframework.boot.SpringApplicationRunListeners.doWithListeners(SpringApplicationRunListeners.java:117)
	at org.springframework.boot.SpringApplicationRunListeners.doWithListeners(SpringApplicationRunListeners.java:111)
	at org.springframework.boot.SpringApplicationRunListeners.environmentPrepared(SpringApplicationRunListeners.java:62)
	at org.springframework.boot.SpringApplication.prepareEnvironment(SpringApplication.java:362)
	at org.springframework.boot.SpringApplication.run(SpringApplication.java:320)
	at org.springframework.boot.SpringApplication.run(SpringApplication.java:1311)
	at org.springframework.boot.SpringApplication.run(SpringApplication.java:1300)
	at com.lacrobate.Main.main(Main.java:20)
Caused by: java.lang.IllegalStateException: Logback configuration error detected: 
ERROR in ch.qos.logback.core.pattern.parser.Compiler@78e2fed4 - There is no conversion class registered for composite conversion word [grey]
ERROR in ch.qos.logback.core.pattern.parser.Compiler@78e2fed4 - Failed to create converter for [%grey] keyword
	at org.springframework.boot.logging.logback.LogbackLoggingSystem.loadConfiguration(LogbackLoggingSystem.java:179)
	at org.springframework.boot.logging.AbstractLoggingSystem.initializeWithConventions(AbstractLoggingSystem.java:80)
	at org.springframework.boot.logging.AbstractLoggingSystem.initialize(AbstractLoggingSystem.java:60)
	at org.springframework.boot.logging.logback.LogbackLoggingSystem.initialize(LogbackLoggingSystem.java:132)
	at org.springframework.boot.context.logging.LoggingApplicationListener.initializeSystem(LoggingApplicationListener.java:312)
	... 19 common frames omitted
2021-02-17 10:10:22,978 INFO org.springframework.boot.StartupInfoLogger [main] Starting Main using Java 1.8.0_282 on TAL-50WVJR2 with PID 7196 (C:\Users\naoufal\Documents\projects\xls-to-geojson-converter\back-end\target\classes started by naoufal in C:\Users\naoufal\Documents\projects\xls-to-geojson-converter)
2021-02-17 10:10:22,978 INFO org.springframework.boot.SpringApplication [main] The following profiles are active: PROD
2021-02-17 10:10:24,266 INFO org.springframework.boot.web.embedded.tomcat.TomcatWebServer [main] Tomcat initialized with port(s): 8080 (http)
2021-02-17 10:10:24,281 INFO org.apache.juli.logging.DirectJDKLog [main] Initializing ProtocolHandler ["http-nio-8080"]
2021-02-17 10:10:24,281 INFO org.apache.juli.logging.DirectJDKLog [main] Starting service [Tomcat]
2021-02-17 10:10:24,281 INFO org.apache.juli.logging.DirectJDKLog [main] Starting Servlet engine: [Apache Tomcat/9.0.41]
2021-02-17 10:10:24,366 INFO org.apache.juli.logging.DirectJDKLog [main] Initializing Spring embedded WebApplicationContext
2021-02-17 10:10:24,366 INFO org.springframework.boot.web.servlet.context.ServletWebServerApplicationContext [main] Root WebApplicationContext: initialization completed in 1283 ms
2021-02-17 10:10:24,582 INFO org.springframework.scheduling.concurrent.ExecutorConfigurationSupport [main] Initializing ExecutorService 'applicationTaskExecutor'
2021-02-17 10:10:24,782 INFO org.apache.juli.logging.DirectJDKLog [main] Starting ProtocolHandler ["http-nio-8080"]
2021-02-17 10:10:24,798 INFO org.springframework.boot.web.embedded.tomcat.TomcatWebServer [main] Tomcat started on port(s): 8080 (http) with context path ''
2021-02-17 10:10:24,814 INFO org.springframework.boot.StartupInfoLogger [main] Started Main in 2.566 seconds (JVM running for 2.954)
2021-02-17 10:10:24,814 INFO com.lacrobate.Main [main] conversion: starting...

2021-02-17 10:10:24,814 ERROR com.lacrobate.converter.XLSHandler [main] veuillez vous assurer que le fichier source est bien present dans l'emplacement source
2021-02-17 10:10:24,814 ERROR com.lacrobate.converter.XLSHandler [main] Emplacement source : C:\Users\naoufal\Documents\projects\xls-to-geojson-converter\back-end\target\source\source.xls
2021-02-17 10:10:24,814 INFO com.lacrobate.Main [main] 
conversion: success.
2021-02-17 10:11:20,840 INFO org.springframework.boot.StartupInfoLogger [main] Starting Main using Java 1.8.0_282 on TAL-50WVJR2 with PID 7016 (C:\Users\naoufal\Documents\projects\xls-to-geojson-converter\back-end\target\classes started by naoufal in C:\Users\naoufal\Documents\projects\xls-to-geojson-converter)
2021-02-17 10:11:20,840 INFO org.springframework.boot.SpringApplication [main] The following profiles are active: PROD
2021-02-17 10:11:22,089 INFO org.springframework.boot.web.embedded.tomcat.TomcatWebServer [main] Tomcat initialized with port(s): 8080 (http)
2021-02-17 10:11:22,112 INFO org.apache.juli.logging.DirectJDKLog [main] Initializing ProtocolHandler ["http-nio-8080"]
2021-02-17 10:11:22,112 INFO org.apache.juli.logging.DirectJDKLog [main] Starting service [Tomcat]
2021-02-17 10:11:22,112 INFO org.apache.juli.logging.DirectJDKLog [main] Starting Servlet engine: [Apache Tomcat/9.0.41]
2021-02-17 10:11:22,174 INFO org.apache.juli.logging.DirectJDKLog [main] Initializing Spring embedded WebApplicationContext
2021-02-17 10:11:22,174 INFO org.springframework.boot.web.servlet.context.ServletWebServerApplicationContext [main] Root WebApplicationContext: initialization completed in 1218 ms
2021-02-17 10:11:22,406 INFO org.springframework.scheduling.concurrent.ExecutorConfigurationSupport [main] Initializing ExecutorService 'applicationTaskExecutor'
2021-02-17 10:11:22,597 INFO org.apache.juli.logging.DirectJDKLog [main] Starting ProtocolHandler ["http-nio-8080"]
2021-02-17 10:11:22,629 INFO org.springframework.boot.web.embedded.tomcat.TomcatWebServer [main] Tomcat started on port(s): 8080 (http) with context path ''
2021-02-17 10:11:22,629 INFO org.springframework.boot.StartupInfoLogger [main] Started Main in 2.525 seconds (JVM running for 2.922)
2021-02-17 10:11:22,629 INFO com.lacrobate.Main [main] conversion: starting...

2021-02-17 10:11:22,644 ERROR com.lacrobate.converter.XLSHandler [main] veuillez vous assurer que le fichier source est bien present dans l'emplacement source
2021-02-17 10:11:22,644 ERROR com.lacrobate.converter.XLSHandler [main] Emplacement source : C:\Users\naoufal\Documents\projects\xls-to-geojson-converter\back-end\target\source\source.xls
2021-02-17 10:11:22,644 INFO com.lacrobate.Main [main] 
conversion: success.
2021-02-17 10:11:54,299 INFO org.springframework.boot.StartupInfoLogger [main] Starting Main using Java 1.8.0_282 on TAL-50WVJR2 with PID 12460 (C:\Users\naoufal\Documents\projects\xls-to-geojson-converter\back-end\target\classes started by naoufal in C:\Users\naoufal\Documents\projects\xls-to-geojson-converter)
2021-02-17 10:11:54,299 INFO org.springframework.boot.SpringApplication [main] The following profiles are active: PROD
2021-02-17 10:11:55,602 INFO org.springframework.boot.web.embedded.tomcat.TomcatWebServer [main] Tomcat initialized with port(s): 8080 (http)
2021-02-17 10:11:55,602 INFO org.apache.juli.logging.DirectJDKLog [main] Initializing ProtocolHandler ["http-nio-8080"]
2021-02-17 10:11:55,602 INFO org.apache.juli.logging.DirectJDKLog [main] Starting service [Tomcat]
2021-02-17 10:11:55,602 INFO org.apache.juli.logging.DirectJDKLog [main] Starting Servlet engine: [Apache Tomcat/9.0.41]
2021-02-17 10:11:55,687 INFO org.apache.juli.logging.DirectJDKLog [main] Initializing Spring embedded WebApplicationContext
2021-02-17 10:11:55,687 INFO org.springframework.boot.web.servlet.context.ServletWebServerApplicationContext [main] Root WebApplicationContext: initialization completed in 1276 ms
2021-02-17 10:11:55,887 INFO org.springframework.scheduling.concurrent.ExecutorConfigurationSupport [main] Initializing ExecutorService 'applicationTaskExecutor'
2021-02-17 10:11:56,119 INFO org.apache.juli.logging.DirectJDKLog [main] Starting ProtocolHandler ["http-nio-8080"]
2021-02-17 10:11:56,151 INFO org.springframework.boot.web.embedded.tomcat.TomcatWebServer [main] Tomcat started on port(s): 8080 (http) with context path ''
2021-02-17 10:11:56,166 INFO org.springframework.boot.StartupInfoLogger [main] Started Main in 2.668 seconds (JVM running for 3.157)
2021-02-17 10:11:56,166 INFO com.lacrobate.Main [main] conversion: starting...

2021-02-17 10:11:56,166 ERROR com.lacrobate.converter.XLSHandler [main] veuillez vous assurer que le fichier source est bien present dans l'emplacement source
2021-02-17 10:11:56,166 ERROR com.lacrobate.converter.XLSHandler [main] Emplacement source : C:\Users\naoufal\Documents\projects\xls-to-geojson-converter\back-end\target\source\source.xls
2021-02-17 10:11:56,166 INFO com.lacrobate.Main [main] 
conversion: success.
2021-02-17 10:27:06,738 INFO org.springframework.boot.StartupInfoLogger [main] Starting Main using Java 1.8.0_282 on TAL-50WVJR2 with PID 13824 (C:\Users\naoufal\Documents\projects\xls-to-geojson-converter\back-end\target\classes started by naoufal in C:\Users\naoufal\Documents\projects\xls-to-geojson-converter)
2021-02-17 10:27:06,738 INFO org.springframework.boot.SpringApplication [main] The following profiles are active: PROD
2021-02-17 10:27:08,063 INFO org.springframework.boot.web.embedded.tomcat.TomcatWebServer [main] Tomcat initialized with port(s): 8080 (http)
2021-02-17 10:27:08,079 INFO org.apache.juli.logging.DirectJDKLog [main] Initializing ProtocolHandler ["http-nio-8080"]
2021-02-17 10:27:08,079 INFO org.apache.juli.logging.DirectJDKLog [main] Starting service [Tomcat]
2021-02-17 10:27:08,079 INFO org.apache.juli.logging.DirectJDKLog [main] Starting Servlet engine: [Apache Tomcat/9.0.41]
2021-02-17 10:27:08,164 INFO org.apache.juli.logging.DirectJDKLog [main] Initializing Spring embedded WebApplicationContext
2021-02-17 10:27:08,164 INFO org.springframework.boot.web.servlet.context.ServletWebServerApplicationContext [main] Root WebApplicationContext: initialization completed in 1310 ms
2021-02-17 10:27:08,364 INFO org.springframework.scheduling.concurrent.ExecutorConfigurationSupport [main] Initializing ExecutorService 'applicationTaskExecutor'
2021-02-17 10:27:08,558 INFO org.apache.juli.logging.DirectJDKLog [main] Starting ProtocolHandler ["http-nio-8080"]
2021-02-17 10:27:08,565 WARN org.springframework.context.support.AbstractApplicationContext [main] Exception encountered during context initialization - cancelling refresh attempt: org.springframework.context.ApplicationContextException: Failed to start bean 'webServerStartStop'; nested exception is org.springframework.boot.web.server.PortInUseException: Port 8080 is already in use
2021-02-17 10:27:08,565 INFO org.springframework.scheduling.concurrent.ExecutorConfigurationSupport [main] Shutting down ExecutorService 'applicationTaskExecutor'
2021-02-17 10:27:08,565 INFO org.apache.juli.logging.DirectJDKLog [main] Pausing ProtocolHandler ["http-nio-8080"]
2021-02-17 10:27:08,565 INFO org.apache.juli.logging.DirectJDKLog [main] Stopping service [Tomcat]
2021-02-17 10:27:08,565 INFO org.apache.juli.logging.DirectJDKLog [main] Stopping ProtocolHandler ["http-nio-8080"]
2021-02-17 10:27:08,565 INFO org.apache.juli.logging.DirectJDKLog [main] Destroying ProtocolHandler ["http-nio-8080"]
2021-02-17 10:27:08,580 INFO org.springframework.boot.autoconfigure.logging.ConditionEvaluationReportLoggingListener [main] 

Error starting ApplicationContext. To display the conditions report re-run your application with 'debug' enabled.
2021-02-17 10:27:08,611 ERROR org.springframework.boot.diagnostics.LoggingFailureAnalysisReporter [main] 

***************************
APPLICATION FAILED TO START
***************************

Description:

Web server failed to start. Port 8080 was already in use.

Action:

Identify and stop the process that's listening on port 8080 or configure this application to listen on another port.

2021-02-17 10:27:34,426 INFO org.springframework.boot.StartupInfoLogger [main] Starting Main using Java 1.8.0_282 on TAL-50WVJR2 with PID 1208 (C:\Users\naoufal\Documents\projects\xls-to-geojson-converter\back-end\target\classes started by naoufal in C:\Users\naoufal\Documents\projects\xls-to-geojson-converter)
2021-02-17 10:27:34,442 INFO org.springframework.boot.SpringApplication [main] The following profiles are active: PROD
2021-02-17 10:27:35,914 INFO org.springframework.boot.web.embedded.tomcat.TomcatWebServer [main] Tomcat initialized with port(s): 8080 (http)
2021-02-17 10:27:35,930 INFO org.apache.juli.logging.DirectJDKLog [main] Initializing ProtocolHandler ["http-nio-8080"]
2021-02-17 10:27:35,930 INFO org.apache.juli.logging.DirectJDKLog [main] Starting service [Tomcat]
2021-02-17 10:27:35,930 INFO org.apache.juli.logging.DirectJDKLog [main] Starting Servlet engine: [Apache Tomcat/9.0.41]
2021-02-17 10:27:36,015 INFO org.apache.juli.logging.DirectJDKLog [main] Initializing Spring embedded WebApplicationContext
2021-02-17 10:27:36,015 INFO org.springframework.boot.web.servlet.context.ServletWebServerApplicationContext [main] Root WebApplicationContext: initialization completed in 1457 ms
2021-02-17 10:27:36,215 INFO org.springframework.scheduling.concurrent.ExecutorConfigurationSupport [main] Initializing ExecutorService 'applicationTaskExecutor'
2021-02-17 10:27:36,416 INFO org.apache.juli.logging.DirectJDKLog [main] Starting ProtocolHandler ["http-nio-8080"]
2021-02-17 10:27:36,431 INFO org.springframework.boot.web.embedded.tomcat.TomcatWebServer [main] Tomcat started on port(s): 8080 (http) with context path ''
2021-02-17 10:27:36,447 INFO org.springframework.boot.StartupInfoLogger [main] Started Main in 2.788 seconds (JVM running for 3.177)
2021-02-17 10:27:36,447 INFO com.lacrobate.Main [main] conversion: starting...

2021-02-17 10:27:36,447 ERROR com.lacrobate.converter.XLSHandler [main] veuillez vous assurer que le fichier source est bien present dans l'emplacement source
2021-02-17 10:27:36,447 ERROR com.lacrobate.converter.XLSHandler [main] Emplacement source : C:\Users\naoufal\Documents\projects\xls-to-geojson-converter\back-end\target\source\source.xls
2021-02-17 10:27:36,463 INFO com.lacrobate.Main [main] 
conversion: success.
2021-02-17 10:29:08,858 INFO org.springframework.boot.StartupInfoLogger [main] Starting Main using Java 1.8.0_282 on TAL-50WVJR2 with PID 8440 (C:\Users\naoufal\Documents\projects\xls-to-geojson-converter\back-end\target\classes started by naoufal in C:\Users\naoufal\Documents\projects\xls-to-geojson-converter)
2021-02-17 10:29:08,858 INFO org.springframework.boot.SpringApplication [main] The following profiles are active: DEV
2021-02-17 10:29:10,114 INFO org.springframework.boot.web.embedded.tomcat.TomcatWebServer [main] Tomcat initialized with port(s): 8080 (http)
2021-02-17 10:29:10,114 INFO org.apache.juli.logging.DirectJDKLog [main] Initializing ProtocolHandler ["http-nio-8080"]
2021-02-17 10:29:10,114 INFO org.apache.juli.logging.DirectJDKLog [main] Starting service [Tomcat]
2021-02-17 10:29:10,114 INFO org.apache.juli.logging.DirectJDKLog [main] Starting Servlet engine: [Apache Tomcat/9.0.41]
2021-02-17 10:29:10,183 INFO org.apache.juli.logging.DirectJDKLog [main] Initializing Spring embedded WebApplicationContext
2021-02-17 10:29:10,183 INFO org.springframework.boot.web.servlet.context.ServletWebServerApplicationContext [main] Root WebApplicationContext: initialization completed in 1224 ms
2021-02-17 10:29:10,415 INFO org.springframework.scheduling.concurrent.ExecutorConfigurationSupport [main] Initializing ExecutorService 'applicationTaskExecutor'
2021-02-17 10:29:10,584 INFO org.apache.juli.logging.DirectJDKLog [main] Starting ProtocolHandler ["http-nio-8080"]
2021-02-17 10:29:10,631 INFO org.springframework.boot.web.embedded.tomcat.TomcatWebServer [main] Tomcat started on port(s): 8080 (http) with context path ''
2021-02-17 10:29:10,647 INFO org.springframework.boot.StartupInfoLogger [main] Started Main in 2.523 seconds (JVM running for 3.08)
2021-02-17 10:29:10,647 INFO com.lacrobate.Main [main] conversion: starting...

2021-02-17 10:29:10,647 ERROR com.lacrobate.converter.XLSHandler [main] veuillez vous assurer que le fichier source est bien present dans l'emplacement source
2021-02-17 10:29:10,647 ERROR com.lacrobate.converter.XLSHandler [main] Emplacement source : C:\Users\naoufal\Documents\convertisseur\source\source.xls
2021-02-17 10:29:10,647 INFO com.lacrobate.Main [main] 
conversion: success.
2021-02-17 10:30:27,771 INFO org.springframework.boot.StartupInfoLogger [main] Starting Main using Java 1.8.0_282 on TAL-50WVJR2 with PID 11184 (C:\Users\naoufal\Documents\projects\xls-to-geojson-converter\back-end\target\classes started by naoufal in C:\Users\naoufal\Documents\projects\xls-to-geojson-converter)
2021-02-17 10:30:27,771 INFO org.springframework.boot.SpringApplication [main] The following profiles are active: DEV
2021-02-17 10:30:29,375 INFO org.springframework.boot.web.embedded.tomcat.TomcatWebServer [main] Tomcat initialized with port(s): 8080 (http)
2021-02-17 10:30:29,397 INFO org.apache.juli.logging.DirectJDKLog [main] Initializing ProtocolHandler ["http-nio-8080"]
2021-02-17 10:30:29,397 INFO org.apache.juli.logging.DirectJDKLog [main] Starting service [Tomcat]
2021-02-17 10:30:29,397 INFO org.apache.juli.logging.DirectJDKLog [main] Starting Servlet engine: [Apache Tomcat/9.0.41]
2021-02-17 10:30:29,460 INFO org.apache.juli.logging.DirectJDKLog [main] Initializing Spring embedded WebApplicationContext
2021-02-17 10:30:29,460 INFO org.springframework.boot.web.servlet.context.ServletWebServerApplicationContext [main] Root WebApplicationContext: initialization completed in 1588 ms
2021-02-17 10:30:29,676 INFO org.springframework.scheduling.concurrent.ExecutorConfigurationSupport [main] Initializing ExecutorService 'applicationTaskExecutor'
2021-02-17 10:30:29,861 INFO org.apache.juli.logging.DirectJDKLog [main] Starting ProtocolHandler ["http-nio-8080"]
2021-02-17 10:30:29,876 INFO org.springframework.boot.web.embedded.tomcat.TomcatWebServer [main] Tomcat started on port(s): 8080 (http) with context path ''
2021-02-17 10:30:29,898 INFO org.springframework.boot.StartupInfoLogger [main] Started Main in 2.891 seconds (JVM running for 3.314)
2021-02-17 10:30:29,898 INFO com.lacrobate.Main [main] conversion: starting...

2021-02-17 10:30:29,898 ERROR com.lacrobate.converter.XLSHandler [main] veuillez vous assurer que le fichier source est bien present dans l'emplacement source
2021-02-17 10:30:29,898 ERROR com.lacrobate.converter.XLSHandler [main] Emplacement source : C:\Users\naoufal\Documents\convertisseur\source\source.xls
2021-02-17 10:30:29,898 INFO com.lacrobate.Main [main] 
conversion: success.
